#
# There is insufficient memory for the Java Runtime Environment to continue.
# Native memory allocation (malloc) failed to allocate 2097152 bytes for AllocateHeap
# Possible reasons:
#   The system is out of physical RAM or swap space
#   The process is running with CompressedOops enabled, and the Java Heap may be blocking the growth of the native heap
# Possible solutions:
#   Reduce memory load on the system
#   Increase physical memory or swap space
#   Check if swap backing store is full
#   Decrease Java heap size (-Xmx/-Xms)
#   Decrease number of Java threads
#   Decrease Java thread stack sizes (-Xss)
#   Set larger code cache with -XX:ReservedCodeCacheSize=
#   JVM is running with Unscaled Compressed Oops mode in which the Java heap is
#     placed in the first 4GB address space. The Java Heap base address is the
#     maximum limit for the native heap growth. Please use -XX:HeapBaseMinAddress
#     to set the Java Heap base and to place the Java Heap above 4GB virtual address.
# This output file may be truncated or incomplete.
#
#  Out of Memory Error (allocation.cpp:44), pid=31284, tid=22452
#
# JRE version: OpenJDK Runtime Environment Temurin-17.0.7+7 (17.0.7+7) (build 17.0.7+7)
# Java VM: OpenJDK 64-Bit Server VM Temurin-17.0.7+7 (17.0.7+7, mixed mode, emulated-client, tiered, compressed oops, compressed class ptrs, g1 gc, windows-amd64)
# No core dump will be written. Minidumps are not enabled by default on client versions of Windows
#

---------------  S U M M A R Y ------------

Command Line: -XX:+HeapDumpOnOutOfMemoryError -Xmx1024m -Dsts.lsp.client=vscode -Dsts.log.file=/dev/null -XX:TieredStopAtLevel=1 -Xlog:jni+resolve=off -Dspring.config.location=file:c:\Users\Administrator\.vscode\extensions\vmware.vscode-spring-boot-1.46.0\language-server\BOOT-INF\classes\application.properties org.springframework.ide.vscode.boot.app.BootLanguageServerBootApp

Host: Intel(R) Core(TM) i9-10900F CPU @ 2.80GHz, 20 cores, 15G,  Windows 10 , 64 bit Build 19041 (10.0.19041.2788)
Time: Tue May  9 12:24:45 2023  Windows 10 , 64 bit Build 19041 (10.0.19041.2788) elapsed time: 35585.643532 seconds (0d 9h 53m 5s)

---------------  T H R E A D  ---------------

Current thread (0x0000028e9027f470):  VMThread "VM Thread" [stack: 0x000000b02a900000,0x000000b02aa00000] [id=22452]

Stack: [0x000000b02a900000,0x000000b02aa00000]
Native frames: (J=compiled Java code, j=interpreted, Vv=VM code, C=native code)
V  [jvm.dll+0x67754a]
V  [jvm.dll+0x834304]
V  [jvm.dll+0x835aae]
V  [jvm.dll+0x836113]
V  [jvm.dll+0x24696f]
V  [jvm.dll+0xa681f]
V  [jvm.dll+0x2f7481]
V  [jvm.dll+0x2f30f0]
V  [jvm.dll+0x2db6c7]
V  [jvm.dll+0x31e777]
V  [jvm.dll+0x83a5bb]
V  [jvm.dll+0x83b2f4]
V  [jvm.dll+0x83b80c]
V  [jvm.dll+0x83bbe4]
V  [jvm.dll+0x83bcb0]
V  [jvm.dll+0x7e4e7a]
V  [jvm.dll+0x676395]
C  [ucrtbase.dll+0x21bb2]
C  [KERNEL32.DLL+0x17604]
C  [ntdll.dll+0x526a1]

VM_Operation (0x000000b02cdfef60): G1CollectFull, mode: safepoint, requested by thread 0x0000028e95b2e510


---------------  P R O C E S S  ---------------

Threads class SMR info:
_java_thread_list=0x0000028e90d86220, length=39, elements={
0x0000028e90294380, 0x0000028e902951f0, 0x0000028e902aa230, 0x0000028e902e8010,
0x0000028e902e98e0, 0x0000028e902ea1a0, 0x0000028e902eaa60, 0x0000028e902fa890,
0x0000028e9050cec0, 0x0000028e90520240, 0x0000028e95a14dc0, 0x0000028e95b1e030,
0x0000028e95b2e510, 0x0000028e95a65930, 0x0000028e844b6860, 0x0000028e95b9eb70,
0x0000028e95bf0f30, 0x0000028e95cda420, 0x0000028e95cdc5d0, 0x0000028e95cdc100,
0x0000028e95cdcaa0, 0x0000028e95cd8c10, 0x0000028e95cd7400, 0x0000028e95cd90e0,
0x0000028e95cd78d0, 0x0000028e95cdcf70, 0x0000028e95cd8270, 0x0000028e95cd8740,
0x0000028e95cdd440, 0x0000028e95cd6a60, 0x0000028e95cd9a80, 0x0000028e95cd9f50,
0x0000028e95cdadc0, 0x0000028e95cdb290, 0x0000028e95cdb760, 0x0000028e95cdd910,
0x0000028e9f1c0840, 0x0000028e9f1c0d10, 0x0000028e9f1c3860
}

Java Threads: ( => current thread )
  0x0000028e90294380 JavaThread "Reference Handler" daemon [_thread_blocked, id=32436, stack(0x000000b02aa00000,0x000000b02ab00000)]
  0x0000028e902951f0 JavaThread "Finalizer" daemon [_thread_blocked, id=21412, stack(0x000000b02ab00000,0x000000b02ac00000)]
  0x0000028e902aa230 JavaThread "Signal Dispatcher" daemon [_thread_blocked, id=24160, stack(0x000000b02ac00000,0x000000b02ad00000)]
  0x0000028e902e8010 JavaThread "Attach Listener" daemon [_thread_blocked, id=3080, stack(0x000000b02ad00000,0x000000b02ae00000)]
  0x0000028e902e98e0 JavaThread "Service Thread" daemon [_thread_blocked, id=18816, stack(0x000000b02ae00000,0x000000b02af00000)]
  0x0000028e902ea1a0 JavaThread "Monitor Deflation Thread" daemon [_thread_blocked, id=16856, stack(0x000000b02af00000,0x000000b02b000000)]
  0x0000028e902eaa60 JavaThread "C1 CompilerThread0" daemon [_thread_blocked, id=14912, stack(0x000000b02b000000,0x000000b02b100000)]
  0x0000028e902fa890 JavaThread "Sweeper thread" daemon [_thread_blocked, id=25368, stack(0x000000b02b100000,0x000000b02b200000)]
  0x0000028e9050cec0 JavaThread "Notification Thread" daemon [_thread_blocked, id=33708, stack(0x000000b02b300000,0x000000b02b400000)]
  0x0000028e90520240 JavaThread "Common-Cleaner" daemon [_thread_blocked, id=40396, stack(0x000000b02b500000,0x000000b02b600000)]
  0x0000028e95a14dc0 JavaThread "boundedElastic-evictor-1" daemon [_thread_blocked, id=1560, stack(0x000000b02cb00000,0x000000b02cc00000)]
  0x0000028e95b1e030 JavaThread "boundedElastic-evictor-2" daemon [_thread_blocked, id=34832, stack(0x000000b02cc00000,0x000000b02cd00000)]
  0x0000028e95b2e510 JavaThread "pool-10-thread-1" [_thread_blocked, id=17620, stack(0x000000b02cd00000,0x000000b02ce00000)]
  0x0000028e95a65930 JavaThread "LanguageServerApp-lifecycle" [_thread_blocked, id=22076, stack(0x000000b02ce00000,0x000000b02cf00000)]
  0x0000028e844b6860 JavaThread "DestroyJavaVM" [_thread_blocked, id=24872, stack(0x000000b02a300000,0x000000b02a400000)]
  0x0000028e95b9eb70 JavaThread "pool-11-thread-1" [_thread_in_native, id=28624, stack(0x000000b02cf00000,0x000000b02d000000)]
  0x0000028e95bf0f30 JavaThread "Simple-Language-Server main thread" daemon [_thread_blocked, id=35180, stack(0x000000b02d000000,0x000000b02d100000)]
  0x0000028e95cda420 JavaThread "parallel-1" daemon [_thread_blocked, id=25704, stack(0x000000b02f200000,0x000000b02f300000)]
  0x0000028e95cdc5d0 JavaThread "pool-4-thread-1" [_thread_blocked, id=25744, stack(0x000000b02f300000,0x000000b02f400000)]
  0x0000028e95cdc100 JavaThread "parallel-2" daemon [_thread_blocked, id=27368, stack(0x000000b02f400000,0x000000b02f500000)]
  0x0000028e95cdcaa0 JavaThread "parallel-3" daemon [_thread_blocked, id=30988, stack(0x000000b02d700000,0x000000b02d800000)]
  0x0000028e95cd8c10 JavaThread "parallel-4" daemon [_thread_blocked, id=27692, stack(0x000000b02b200000,0x000000b02b300000)]
  0x0000028e95cd7400 JavaThread "Reconciler-1" daemon [_thread_blocked, id=28036, stack(0x000000b02b700000,0x000000b02b800000)]
  0x0000028e95cd90e0 JavaThread "parallel-5" daemon [_thread_blocked, id=42144, stack(0x000000b02a000000,0x000000b02a100000)]
  0x0000028e95cd78d0 JavaThread "parallel-6" daemon [_thread_blocked, id=22120, stack(0x000000b02a200000,0x000000b02a300000)]
  0x0000028e95cdcf70 JavaThread "parallel-7" daemon [_thread_blocked, id=31896, stack(0x000000b02c100000,0x000000b02c200000)]
  0x0000028e95cd8270 JavaThread "parallel-8" daemon [_thread_blocked, id=37228, stack(0x000000b02c200000,0x000000b02c300000)]
  0x0000028e95cd8740 JavaThread "parallel-9" daemon [_thread_blocked, id=30432, stack(0x000000b02d100000,0x000000b02d200000)]
  0x0000028e95cdd440 JavaThread "parallel-10" daemon [_thread_blocked, id=30712, stack(0x000000b02d200000,0x000000b02d300000)]
  0x0000028e95cd6a60 JavaThread "parallel-11" daemon [_thread_blocked, id=40264, stack(0x000000b02d300000,0x000000b02d400000)]
  0x0000028e95cd9a80 JavaThread "parallel-12" daemon [_thread_blocked, id=36444, stack(0x000000b02d400000,0x000000b02d500000)]
  0x0000028e95cd9f50 JavaThread "parallel-13" daemon [_thread_blocked, id=32228, stack(0x000000b02d800000,0x000000b02d900000)]
  0x0000028e95cdadc0 JavaThread "parallel-14" daemon [_thread_blocked, id=23024, stack(0x000000b02d900000,0x000000b02da00000)]
  0x0000028e95cdb290 JavaThread "parallel-15" daemon [_thread_blocked, id=3216, stack(0x000000b02dc00000,0x000000b02dd00000)]
  0x0000028e95cdb760 JavaThread "parallel-16" daemon [_thread_blocked, id=38572, stack(0x000000b02dd00000,0x000000b02de00000)]
  0x0000028e95cdd910 JavaThread "parallel-17" daemon [_thread_blocked, id=41340, stack(0x000000b02de00000,0x000000b02df00000)]
  0x0000028e9f1c0840 JavaThread "parallel-18" daemon [_thread_blocked, id=39980, stack(0x000000b02df00000,0x000000b02e000000)]
  0x0000028e9f1c0d10 JavaThread "parallel-19" daemon [_thread_blocked, id=36600, stack(0x000000b02e000000,0x000000b02e100000)]
  0x0000028e9f1c3860 JavaThread "parallel-20" daemon [_thread_blocked, id=25104, stack(0x000000b02e100000,0x000000b02e200000)]

Other Threads:
=>0x0000028e9027f470 VMThread "VM Thread" [stack: 0x000000b02a900000,0x000000b02aa00000] [id=22452]
  0x0000028e84540c90 WatcherThread [stack: 0x000000b02b400000,0x000000b02b500000] [id=41684]
  0x0000028e844f9310 GCTaskThread "GC Thread#0" [stack: 0x000000b02a400000,0x000000b02a500000] [id=2928]
  0x0000028e950a94a0 GCTaskThread "GC Thread#1" [stack: 0x000000b02b800000,0x000000b02b900000] [id=34384]
  0x0000028e950a9750 GCTaskThread "GC Thread#2" [stack: 0x000000b02b900000,0x000000b02ba00000] [id=29064]
  0x0000028e950a9cb0 GCTaskThread "GC Thread#3" [stack: 0x000000b02ba00000,0x000000b02bb00000] [id=39436]
  0x0000028e950aaa20 GCTaskThread "GC Thread#4" [stack: 0x000000b02bb00000,0x000000b02bc00000] [id=40368]
  0x0000028e950a9a00 GCTaskThread "GC Thread#5" [stack: 0x000000b02bc00000,0x000000b02bd00000] [id=16328]
  0x0000028e950aa770 GCTaskThread "GC Thread#6" [stack: 0x000000b02bd00000,0x000000b02be00000] [id=39064]
  0x0000028e950a9f60 GCTaskThread "GC Thread#7" [stack: 0x000000b02be00000,0x000000b02bf00000] [id=4932]
  0x0000028e950aa210 GCTaskThread "GC Thread#8" [stack: 0x000000b02bf00000,0x000000b02c000000] [id=25952]
  0x0000028e950a8f40 GCTaskThread "GC Thread#9" [stack: 0x000000b02c300000,0x000000b02c400000] [id=11124]
  0x0000028e950a91f0 GCTaskThread "GC Thread#10" [stack: 0x000000b02c400000,0x000000b02c500000] [id=41804]
  0x0000028e950aa4c0 GCTaskThread "GC Thread#11" [stack: 0x000000b02c500000,0x000000b02c600000] [id=22288]
  0x0000028e955f7db0 GCTaskThread "GC Thread#12" [stack: 0x000000b02c000000,0x000000b02c100000] [id=24876]
  0x0000028e955f8b20 GCTaskThread "GC Thread#13" [stack: 0x000000b02c900000,0x000000b02ca00000] [id=25672]
  0x0000028e955fa350 GCTaskThread "GC Thread#14" [stack: 0x000000b02ca00000,0x000000b02cb00000] [id=33464]
  0x0000028e84502250 ConcurrentGCThread "G1 Main Marker" [stack: 0x000000b02a500000,0x000000b02a600000] [id=24608]
  0x0000028e84503400 ConcurrentGCThread "G1 Conc#0" [stack: 0x000000b02a600000,0x000000b02a700000] [id=34696]
  0x0000028e955f9330 ConcurrentGCThread "G1 Conc#1" [stack: 0x000000b02c600000,0x000000b02c700000] [id=18060]
  0x0000028e955f9b40 ConcurrentGCThread "G1 Conc#2" [stack: 0x000000b02c700000,0x000000b02c800000] [id=33612]
  0x0000028e955f95e0 ConcurrentGCThread "G1 Conc#3" [stack: 0x000000b02c800000,0x000000b02c900000] [id=32448]
  0x0000028e900e4580 ConcurrentGCThread "G1 Refine#0" [stack: 0x000000b02a700000,0x000000b02a800000] [id=27840]
  0x0000028e95c42580 ConcurrentGCThread "G1 Refine#1" [stack: 0x000000b02f500000,0x000000b02f600000] [id=37196]
  0x0000028e95c3e210 ConcurrentGCThread "G1 Refine#2" [stack: 0x000000b02f600000,0x000000b02f700000] [id=26488]
  0x0000028e95d35370 ConcurrentGCThread "G1 Refine#3" [stack: 0x000000b02f700000,0x000000b02f800000] [id=26056]
  0x0000028e968ef220 ConcurrentGCThread "G1 Refine#4" [stack: 0x000000b02f800000,0x000000b02f900000] [id=11216]
  0x0000028e9720dc10 ConcurrentGCThread "G1 Refine#5" [stack: 0x000000b030100000,0x000000b030200000] [id=21912]
  0x0000028e9720ea70 ConcurrentGCThread "G1 Refine#6" [stack: 0x000000b030200000,0x000000b030300000] [id=7128]
  0x0000028e9720e4b0 ConcurrentGCThread "G1 Refine#7" [stack: 0x000000b030400000,0x000000b030500000] [id=40336]
  0x0000028e9720ed50 ConcurrentGCThread "G1 Refine#8" [stack: 0x000000b030600000,0x000000b030700000] [id=20524]
  0x0000028e9720e1d0 ConcurrentGCThread "G1 Refine#9" [stack: 0x000000b030700000,0x000000b030800000] [id=16680]
  0x0000028e9720d930 ConcurrentGCThread "G1 Refine#10" [stack: 0x000000b030800000,0x000000b030900000] [id=41780]
  0x0000028e9729b910 ConcurrentGCThread "G1 Refine#11" [stack: 0x000000b02d500000,0x000000b02d600000] [id=40596]
  0x0000028e9729a4f0 ConcurrentGCThread "G1 Refine#12" [stack: 0x000000b02d600000,0x000000b02d700000] [id=26292]
  0x0000028e900e5fb0 ConcurrentGCThread "G1 Service" [stack: 0x000000b02a800000,0x000000b02a900000] [id=41680]

Threads with active compile tasks:

VM state: at safepoint (normal execution)

VM Mutex/Monitor currently owned by a thread:  ([mutex/lock_event])
[0x0000028e821ec040] Threads_lock - owner thread: 0x0000028e9027f470
[0x0000028e844b4120] Heap_lock - owner thread: 0x0000028e95b2e510

Heap address: 0x00000000c0000000, size: 1024 MB, Compressed Oops mode: 32-bit

CDS archive(s) not mapped
Compressed class space mapped at: 0x0000000100000000-0x0000000140000000, reserved size: 1073741824
Narrow klass base: 0x0000000000000000, Narrow klass shift: 3, Narrow klass range: 0x140000000

GC Precious Log:
 CPUs: 20 total, 20 available
 Memory: 16301M
 Large Page Support: Disabled
 NUMA Support: Disabled
 Compressed Oops: Enabled (32-bit)
 Heap Region Size: 1M
 Heap Min Capacity: 8M
 Heap Initial Capacity: 256M
 Heap Max Capacity: 1G
 Pre-touch: Disabled
 Parallel Workers: 15
 Concurrent Workers: 4
 Concurrent Refinement Workers: 15
 Periodic GC: Disabled

Heap:
 garbage-first heap   total 119808K, used 36927K [0x00000000c0000000, 0x0000000100000000)
  region size 1024K, 1 young (1024K), 0 survivors (0K)
 Metaspace       used 70167K, committed 70592K, reserved 1114112K
  class space    used 9593K, committed 9792K, reserved 1048576K

Heap Regions: E=young(eden), S=young(survivor), O=old, HS=humongous(starts), HC=humongous(continues), CS=collection set, F=free, OA=open archive, CA=closed archive, TAMS=top-at-mark-start (previous, next)
|   0|0x00000000c0000000, 0x00000000c00fffe0, 0x00000000c0100000| 99%| O|  |TAMS 0x00000000c00fffe0, 0x00000000c0000000| Untracked 
|   1|0x00000000c0100000, 0x00000000c0200000, 0x00000000c0200000|100%| O|  |TAMS 0x00000000c0200000, 0x00000000c0100000| Untracked 
|   2|0x00000000c0200000, 0x00000000c0300000, 0x00000000c0300000|100%| O|  |TAMS 0x00000000c0300000, 0x00000000c0200000| Untracked 
|   3|0x00000000c0300000, 0x00000000c0400000, 0x00000000c0400000|100%| O|  |TAMS 0x00000000c0400000, 0x00000000c0300000| Untracked 
|   4|0x00000000c0400000, 0x00000000c04fffa8, 0x00000000c0500000| 99%| O|  |TAMS 0x00000000c04fffa8, 0x00000000c0400000| Untracked 
|   5|0x00000000c0500000, 0x00000000c0600000, 0x00000000c0600000|100%| O|  |TAMS 0x00000000c0600000, 0x00000000c0500000| Untracked 
|   6|0x00000000c0600000, 0x00000000c06ffff0, 0x00000000c0700000| 99%| O|  |TAMS 0x00000000c06ffff0, 0x00000000c0600000| Untracked 
|   7|0x00000000c0700000, 0x00000000c0800000, 0x00000000c0800000|100%| O|  |TAMS 0x00000000c0800000, 0x00000000c0700000| Untracked 
|   8|0x00000000c0800000, 0x00000000c08ffff0, 0x00000000c0900000| 99%| O|  |TAMS 0x00000000c08ffff0, 0x00000000c0800000| Untracked 
|   9|0x00000000c0900000, 0x00000000c09fffe8, 0x00000000c0a00000| 99%| O|  |TAMS 0x00000000c09fffe8, 0x00000000c0900000| Untracked 
|  10|0x00000000c0a00000, 0x00000000c0b00000, 0x00000000c0b00000|100%| O|  |TAMS 0x00000000c0b00000, 0x00000000c0a00000| Untracked 
|  11|0x00000000c0b00000, 0x00000000c0bffd00, 0x00000000c0c00000| 99%| O|  |TAMS 0x00000000c0bffd00, 0x00000000c0b00000| Untracked 
|  12|0x00000000c0c00000, 0x00000000c0cfffc8, 0x00000000c0d00000| 99%| O|  |TAMS 0x00000000c0cfffc8, 0x00000000c0c00000| Untracked 
|  13|0x00000000c0d00000, 0x00000000c0dffff0, 0x00000000c0e00000| 99%| O|  |TAMS 0x00000000c0dffff0, 0x00000000c0d00000| Untracked 
|  14|0x00000000c0e00000, 0x00000000c0effff0, 0x00000000c0f00000| 99%| O|  |TAMS 0x00000000c0effff0, 0x00000000c0e00000| Untracked 
|  15|0x00000000c0f00000, 0x00000000c0ffffd8, 0x00000000c1000000| 99%| O|  |TAMS 0x00000000c0ffffd8, 0x00000000c0f00000| Untracked 
|  16|0x00000000c1000000, 0x00000000c10fffd8, 0x00000000c1100000| 99%| O|  |TAMS 0x00000000c10fffd8, 0x00000000c1000000| Untracked 
|  17|0x00000000c1100000, 0x00000000c11ffe70, 0x00000000c1200000| 99%| O|  |TAMS 0x00000000c11ffe70, 0x00000000c1100000| Untracked 
|  18|0x00000000c1200000, 0x00000000c12fffd8, 0x00000000c1300000| 99%| O|  |TAMS 0x00000000c12fffd8, 0x00000000c1200000| Untracked 
|  19|0x00000000c1300000, 0x00000000c13ffff0, 0x00000000c1400000| 99%| O|  |TAMS 0x00000000c13ffff0, 0x00000000c1300000| Untracked 
|  20|0x00000000c1400000, 0x00000000c14ffff0, 0x00000000c1500000| 99%| O|  |TAMS 0x00000000c14ffff0, 0x00000000c1400000| Untracked 
|  21|0x00000000c1500000, 0x00000000c15fffb0, 0x00000000c1600000| 99%| O|  |TAMS 0x00000000c15fffb0, 0x00000000c1500000| Untracked 
|  22|0x00000000c1600000, 0x00000000c16fd588, 0x00000000c1700000| 98%| O|  |TAMS 0x00000000c16fd588, 0x00000000c1600000| Untracked 
|  23|0x00000000c1700000, 0x00000000c1800000, 0x00000000c1800000|100%| O|  |TAMS 0x00000000c1800000, 0x00000000c1700000| Untracked 
|  24|0x00000000c1800000, 0x00000000c18fffc8, 0x00000000c1900000| 99%| O|  |TAMS 0x00000000c18fffc8, 0x00000000c1800000| Untracked 
|  25|0x00000000c1900000, 0x00000000c19ffff0, 0x00000000c1a00000| 99%| O|  |TAMS 0x00000000c19ffff0, 0x00000000c1900000| Untracked 
|  26|0x00000000c1a00000, 0x00000000c1afff88, 0x00000000c1b00000| 99%| O|  |TAMS 0x00000000c1afff88, 0x00000000c1a00000| Untracked 
|  27|0x00000000c1b00000, 0x00000000c1bffff8, 0x00000000c1c00000| 99%| O|  |TAMS 0x00000000c1bffff8, 0x00000000c1b00000| Untracked 
|  28|0x00000000c1c00000, 0x00000000c1cffff0, 0x00000000c1d00000| 99%| O|  |TAMS 0x00000000c1cffff0, 0x00000000c1c00000| Untracked 
|  29|0x00000000c1d00000, 0x00000000c1dffff0, 0x00000000c1e00000| 99%| O|  |TAMS 0x00000000c1dffff0, 0x00000000c1d00000| Untracked 
|  30|0x00000000c1e00000, 0x00000000c1ef78b0, 0x00000000c1f00000| 96%| O|  |TAMS 0x00000000c1ef78b0, 0x00000000c1e00000| Untracked 
|  31|0x00000000c1f00000, 0x00000000c1fc01c8, 0x00000000c2000000| 75%| O|  |TAMS 0x00000000c1f00000, 0x00000000c1f00000| Untracked 
|  32|0x00000000c2000000, 0x00000000c205b918, 0x00000000c2100000| 35%| O|  |TAMS 0x00000000c2000000, 0x00000000c2000000| Untracked 
|  33|0x00000000c2100000, 0x00000000c2100000, 0x00000000c2200000|  0%| F|  |TAMS 0x00000000c2100000, 0x00000000c2100000| Untracked 
|  34|0x00000000c2200000, 0x00000000c2200000, 0x00000000c2300000|  0%| F|  |TAMS 0x00000000c2200000, 0x00000000c2200000| Untracked 
|  35|0x00000000c2300000, 0x00000000c2400000, 0x00000000c2400000|100%| O|  |TAMS 0x00000000c2400000, 0x00000000c2300000| Untracked 
|  36|0x00000000c2400000, 0x00000000c2400000, 0x00000000c2500000|  0%| F|  |TAMS 0x00000000c2400000, 0x00000000c2400000| Untracked 
|  37|0x00000000c2500000, 0x00000000c2500000, 0x00000000c2600000|  0%| F|  |TAMS 0x00000000c2500000, 0x00000000c2500000| Untracked 
|  38|0x00000000c2600000, 0x00000000c2600000, 0x00000000c2700000|  0%| F|  |TAMS 0x00000000c2600000, 0x00000000c2600000| Untracked 
|  39|0x00000000c2700000, 0x00000000c27fffd0, 0x00000000c2800000| 99%| O|  |TAMS 0x00000000c27fffd0, 0x00000000c2700000| Untracked 
|  40|0x00000000c2800000, 0x00000000c2800000, 0x00000000c2900000|  0%| F|  |TAMS 0x00000000c2800000, 0x00000000c2800000| Untracked 
|  41|0x00000000c2900000, 0x00000000c29ffff0, 0x00000000c2a00000| 99%| O|  |TAMS 0x00000000c29ffff0, 0x00000000c2900000| Untracked 
|  42|0x00000000c2a00000, 0x00000000c2a00000, 0x00000000c2b00000|  0%| F|  |TAMS 0x00000000c2a00000, 0x00000000c2a00000| Untracked 
|  43|0x00000000c2b00000, 0x00000000c2b00000, 0x00000000c2c00000|  0%| F|  |TAMS 0x00000000c2b00000, 0x00000000c2b00000| Untracked 
|  44|0x00000000c2c00000, 0x00000000c2cffe88, 0x00000000c2d00000| 99%| O|  |TAMS 0x00000000c2cffe88, 0x00000000c2c00000| Untracked 
|  45|0x00000000c2d00000, 0x00000000c2d00000, 0x00000000c2e00000|  0%| F|  |TAMS 0x00000000c2d00000, 0x00000000c2d00000| Untracked 
|  46|0x00000000c2e00000, 0x00000000c2e00000, 0x00000000c2f00000|  0%| F|  |TAMS 0x00000000c2e00000, 0x00000000c2e00000| Untracked 
|  47|0x00000000c2f00000, 0x00000000c2f00000, 0x00000000c3000000|  0%| F|  |TAMS 0x00000000c2f00000, 0x00000000c2f00000| Untracked 
|  48|0x00000000c3000000, 0x00000000c3000000, 0x00000000c3100000|  0%| F|  |TAMS 0x00000000c3000000, 0x00000000c3000000| Untracked 
|  49|0x00000000c3100000, 0x00000000c3100000, 0x00000000c3200000|  0%| F|  |TAMS 0x00000000c3100000, 0x00000000c3100000| Untracked 
|  50|0x00000000c3200000, 0x00000000c3200000, 0x00000000c3300000|  0%| F|  |TAMS 0x00000000c3200000, 0x00000000c3200000| Untracked 
|  51|0x00000000c3300000, 0x00000000c3300000, 0x00000000c3400000|  0%| F|  |TAMS 0x00000000c3300000, 0x00000000c3300000| Untracked 
|  52|0x00000000c3400000, 0x00000000c3400000, 0x00000000c3500000|  0%| F|  |TAMS 0x00000000c3400000, 0x00000000c3400000| Untracked 
|  53|0x00000000c3500000, 0x00000000c3500000, 0x00000000c3600000|  0%| F|  |TAMS 0x00000000c3500000, 0x00000000c3500000| Untracked 
|  54|0x00000000c3600000, 0x00000000c3600000, 0x00000000c3700000|  0%| F|  |TAMS 0x00000000c3600000, 0x00000000c3600000| Untracked 
|  55|0x00000000c3700000, 0x00000000c3700000, 0x00000000c3800000|  0%| F|  |TAMS 0x00000000c3700000, 0x00000000c3700000| Untracked 
|  56|0x00000000c3800000, 0x00000000c3800000, 0x00000000c3900000|  0%| F|  |TAMS 0x00000000c3800000, 0x00000000c3800000| Untracked 
|  57|0x00000000c3900000, 0x00000000c3900000, 0x00000000c3a00000|  0%| F|  |TAMS 0x00000000c3900000, 0x00000000c3900000| Untracked 
|  58|0x00000000c3a00000, 0x00000000c3a00000, 0x00000000c3b00000|  0%| F|  |TAMS 0x00000000c3a00000, 0x00000000c3a00000| Untracked 
|  59|0x00000000c3b00000, 0x00000000c3b00000, 0x00000000c3c00000|  0%| F|  |TAMS 0x00000000c3b00000, 0x00000000c3b00000| Untracked 
|  60|0x00000000c3c00000, 0x00000000c3c00000, 0x00000000c3d00000|  0%| F|  |TAMS 0x00000000c3c00000, 0x00000000c3c00000| Untracked 
|  61|0x00000000c3d00000, 0x00000000c3d00000, 0x00000000c3e00000|  0%| F|  |TAMS 0x00000000c3d00000, 0x00000000c3d00000| Untracked 
|  62|0x00000000c3e00000, 0x00000000c3e00000, 0x00000000c3f00000|  0%| F|  |TAMS 0x00000000c3e00000, 0x00000000c3e00000| Untracked 
|  63|0x00000000c3f00000, 0x00000000c3f00000, 0x00000000c4000000|  0%| F|  |TAMS 0x00000000c3f00000, 0x00000000c3f00000| Untracked 
|  64|0x00000000c4000000, 0x00000000c4000000, 0x00000000c4100000|  0%| F|  |TAMS 0x00000000c4000000, 0x00000000c4000000| Untracked 
|  65|0x00000000c4100000, 0x00000000c4100000, 0x00000000c4200000|  0%| F|  |TAMS 0x00000000c4100000, 0x00000000c4100000| Untracked 
|  66|0x00000000c4200000, 0x00000000c4200000, 0x00000000c4300000|  0%| F|  |TAMS 0x00000000c4200000, 0x00000000c4200000| Untracked 
|  67|0x00000000c4300000, 0x00000000c4300000, 0x00000000c4400000|  0%| F|  |TAMS 0x00000000c4300000, 0x00000000c4300000| Untracked 
|  68|0x00000000c4400000, 0x00000000c4400000, 0x00000000c4500000|  0%| F|  |TAMS 0x00000000c4400000, 0x00000000c4400000| Untracked 
|  69|0x00000000c4500000, 0x00000000c4500000, 0x00000000c4600000|  0%| F|  |TAMS 0x00000000c4500000, 0x00000000c4500000| Untracked 
|  70|0x00000000c4600000, 0x00000000c4600000, 0x00000000c4700000|  0%| F|  |TAMS 0x00000000c4600000, 0x00000000c4600000| Untracked 
|  71|0x00000000c4700000, 0x00000000c4700000, 0x00000000c4800000|  0%| F|  |TAMS 0x00000000c4700000, 0x00000000c4700000| Untracked 
|  72|0x00000000c4800000, 0x00000000c4800000, 0x00000000c4900000|  0%| F|  |TAMS 0x00000000c4800000, 0x00000000c4800000| Untracked 
|  73|0x00000000c4900000, 0x00000000c4900000, 0x00000000c4a00000|  0%| F|  |TAMS 0x00000000c4900000, 0x00000000c4900000| Untracked 
|  74|0x00000000c4a00000, 0x00000000c4a00000, 0x00000000c4b00000|  0%| F|  |TAMS 0x00000000c4a00000, 0x00000000c4a00000| Untracked 
|  75|0x00000000c4b00000, 0x00000000c4b00000, 0x00000000c4c00000|  0%| F|  |TAMS 0x00000000c4b00000, 0x00000000c4b00000| Untracked 
|  76|0x00000000c4c00000, 0x00000000c4c00000, 0x00000000c4d00000|  0%| F|  |TAMS 0x00000000c4c00000, 0x00000000c4c00000| Untracked 
|  77|0x00000000c4d00000, 0x00000000c4d00000, 0x00000000c4e00000|  0%| F|  |TAMS 0x00000000c4d00000, 0x00000000c4d00000| Untracked 
|  78|0x00000000c4e00000, 0x00000000c4e00000, 0x00000000c4f00000|  0%| F|  |TAMS 0x00000000c4e00000, 0x00000000c4e00000| Untracked 
|  79|0x00000000c4f00000, 0x00000000c4f00000, 0x00000000c5000000|  0%| F|  |TAMS 0x00000000c4f00000, 0x00000000c4f00000| Untracked 
|  80|0x00000000c5000000, 0x00000000c5000000, 0x00000000c5100000|  0%| F|  |TAMS 0x00000000c5000000, 0x00000000c5000000| Untracked 
|  81|0x00000000c5100000, 0x00000000c5100000, 0x00000000c5200000|  0%| F|  |TAMS 0x00000000c5100000, 0x00000000c5100000| Untracked 
|  82|0x00000000c5200000, 0x00000000c5200000, 0x00000000c5300000|  0%| F|  |TAMS 0x00000000c5200000, 0x00000000c5200000| Untracked 
|  83|0x00000000c5300000, 0x00000000c5300000, 0x00000000c5400000|  0%| F|  |TAMS 0x00000000c5300000, 0x00000000c5300000| Untracked 
|  84|0x00000000c5400000, 0x00000000c5400000, 0x00000000c5500000|  0%| F|  |TAMS 0x00000000c5400000, 0x00000000c5400000| Untracked 
|  85|0x00000000c5500000, 0x00000000c5500000, 0x00000000c5600000|  0%| F|  |TAMS 0x00000000c5500000, 0x00000000c5500000| Untracked 
|  86|0x00000000c5600000, 0x00000000c5600000, 0x00000000c5700000|  0%| F|  |TAMS 0x00000000c5600000, 0x00000000c5600000| Untracked 
|  87|0x00000000c5700000, 0x00000000c5700000, 0x00000000c5800000|  0%| F|  |TAMS 0x00000000c5700000, 0x00000000c5700000| Untracked 
|  88|0x00000000c5800000, 0x00000000c5800000, 0x00000000c5900000|  0%| F|  |TAMS 0x00000000c5800000, 0x00000000c5800000| Untracked 
|  89|0x00000000c5900000, 0x00000000c5900000, 0x00000000c5a00000|  0%| F|  |TAMS 0x00000000c5900000, 0x00000000c5900000| Untracked 
|  90|0x00000000c5a00000, 0x00000000c5a00000, 0x00000000c5b00000|  0%| F|  |TAMS 0x00000000c5a00000, 0x00000000c5a00000| Untracked 
|  91|0x00000000c5b00000, 0x00000000c5b00000, 0x00000000c5c00000|  0%| F|  |TAMS 0x00000000c5b00000, 0x00000000c5b00000| Untracked 
|  92|0x00000000c5c00000, 0x00000000c5c00000, 0x00000000c5d00000|  0%| F|  |TAMS 0x00000000c5c00000, 0x00000000c5c00000| Untracked 
|  93|0x00000000c5d00000, 0x00000000c5d00000, 0x00000000c5e00000|  0%| F|  |TAMS 0x00000000c5d00000, 0x00000000c5d00000| Untracked 
|  94|0x00000000c5e00000, 0x00000000c5e00000, 0x00000000c5f00000|  0%| F|  |TAMS 0x00000000c5e00000, 0x00000000c5e00000| Untracked 
|  95|0x00000000c5f00000, 0x00000000c5f00000, 0x00000000c6000000|  0%| F|  |TAMS 0x00000000c5f00000, 0x00000000c5f00000| Untracked 
|  96|0x00000000c6000000, 0x00000000c6000000, 0x00000000c6100000|  0%| F|  |TAMS 0x00000000c6000000, 0x00000000c6000000| Untracked 
|  97|0x00000000c6100000, 0x00000000c6100000, 0x00000000c6200000|  0%| F|  |TAMS 0x00000000c6100000, 0x00000000c6100000| Untracked 
|  98|0x00000000c6200000, 0x00000000c6200000, 0x00000000c6300000|  0%| F|  |TAMS 0x00000000c6200000, 0x00000000c6200000| Untracked 
|  99|0x00000000c6300000, 0x00000000c6300000, 0x00000000c6400000|  0%| F|  |TAMS 0x00000000c6300000, 0x00000000c6300000| Untracked 
| 100|0x00000000c6400000, 0x00000000c6400000, 0x00000000c6500000|  0%| F|  |TAMS 0x00000000c6400000, 0x00000000c6400000| Untracked 
| 101|0x00000000c6500000, 0x00000000c6500000, 0x00000000c6600000|  0%| F|  |TAMS 0x00000000c6500000, 0x00000000c6500000| Untracked 
| 102|0x00000000c6600000, 0x00000000c6600000, 0x00000000c6700000|  0%| F|  |TAMS 0x00000000c6600000, 0x00000000c6600000| Untracked 
| 103|0x00000000c6700000, 0x00000000c6700000, 0x00000000c6800000|  0%| F|  |TAMS 0x00000000c6700000, 0x00000000c6700000| Untracked 
| 104|0x00000000c6800000, 0x00000000c6800000, 0x00000000c6900000|  0%| F|  |TAMS 0x00000000c6800000, 0x00000000c6800000| Untracked 
| 105|0x00000000c6900000, 0x00000000c6900000, 0x00000000c6a00000|  0%| F|  |TAMS 0x00000000c6900000, 0x00000000c6900000| Untracked 
| 106|0x00000000c6a00000, 0x00000000c6a00000, 0x00000000c6b00000|  0%| F|  |TAMS 0x00000000c6a00000, 0x00000000c6a00000| Untracked 
| 107|0x00000000c6b00000, 0x00000000c6b00000, 0x00000000c6c00000|  0%| F|  |TAMS 0x00000000c6b00000, 0x00000000c6b00000| Untracked 
| 108|0x00000000c6c00000, 0x00000000c6c00000, 0x00000000c6d00000|  0%| F|  |TAMS 0x00000000c6c00000, 0x00000000c6c00000| Untracked 
| 109|0x00000000c6d00000, 0x00000000c6d00000, 0x00000000c6e00000|  0%| F|  |TAMS 0x00000000c6d00000, 0x00000000c6d00000| Untracked 
| 110|0x00000000c6e00000, 0x00000000c6e00000, 0x00000000c6f00000|  0%| F|  |TAMS 0x00000000c6e00000, 0x00000000c6e00000| Untracked 
| 111|0x00000000c6f00000, 0x00000000c6f00000, 0x00000000c7000000|  0%| F|  |TAMS 0x00000000c6f00000, 0x00000000c6f00000| Untracked 
| 112|0x00000000c7000000, 0x00000000c7000000, 0x00000000c7100000|  0%| F|  |TAMS 0x00000000c7000000, 0x00000000c7000000| Untracked 
| 113|0x00000000c7100000, 0x00000000c7100000, 0x00000000c7200000|  0%| F|  |TAMS 0x00000000c7100000, 0x00000000c7100000| Untracked 
| 114|0x00000000c7200000, 0x00000000c7200000, 0x00000000c7300000|  0%| F|  |TAMS 0x00000000c7200000, 0x00000000c7200000| Untracked 
| 115|0x00000000c7300000, 0x00000000c7300000, 0x00000000c7400000|  0%| F|  |TAMS 0x00000000c7300000, 0x00000000c7300000| Untracked 
| 116|0x00000000c7400000, 0x00000000c74119e0, 0x00000000c7500000|  6%| E|  |TAMS 0x00000000c7400000, 0x00000000c7400000| Complete 

Card table byte_map: [0x0000028e8abc0000,0x0000028e8adc0000] _byte_map_base: 0x0000028e8a5c0000

Marking Bits (Prev, Next): (CMBitMap*) 0x0000028e844f9960, (CMBitMap*) 0x0000028e844f9920
 Prev Bits: [0x0000028e8bfc0000, 0x0000028e8cfc0000)
 Next Bits: [0x0000028e8afc0000, 0x0000028e8bfc0000)

Polling page: 0x0000028e82470000

Metaspace:

Usage:
  Non-class:     59.15 MB used.
      Class:      9.37 MB used.
       Both:     68.52 MB used.

Virtual space:
  Non-class space:       64.00 MB reserved,      59.38 MB ( 93%) committed,  1 nodes.
      Class space:        1.00 GB reserved,       9.56 MB ( <1%) committed,  1 nodes.
             Both:        1.06 GB reserved,      68.94 MB (  6%) committed. 

Chunk freelists:
   Non-Class:  4.14 MB
       Class:  6.41 MB
        Both:  10.55 MB

MaxMetaspaceSize: unlimited
CompressedClassSpaceSize: 1.00 GB
Initial GC threshold: 21.00 MB
Current GC threshold: 115.00 MB
CDS: off
MetaspaceReclaimPolicy: balanced
 - commit_granule_bytes: 65536.
 - commit_granule_words: 8192.
 - virtual_space_node_default_size: 8388608.
 - enlarge_chunks_in_place: 1.
 - new_chunks_are_fully_committed: 0.
 - uncommit_free_chunks: 1.
 - use_allocation_guard: 0.
 - handle_deallocations: 1.


Internal statistics:

num_allocs_failed_limit: 6.
num_arena_births: 758.
num_arena_deaths: 260.
num_vsnodes_births: 2.
num_vsnodes_deaths: 0.
num_space_committed: 1104.
num_space_uncommitted: 1.
num_chunks_returned_to_freelist: 323.
num_chunks_taken_from_freelist: 3111.
num_chunk_merges: 103.
num_chunk_splits: 2151.
num_chunks_enlarged: 1613.
num_inconsistent_stats: 0.

CodeCache: size=49152Kb used=16540Kb max_used=21246Kb free=32612Kb
 bounds [0x0000028e87140000, 0x0000028e88600000, 0x0000028e8a140000]
 total_blobs=10161 nmethods=9483 adapters=605
 compilation: enabled
              stopped_count=0, restarted_count=0
 full_count=0

Compilation events (20 events):
Event: 2935.293 Thread 0x0000028e902eaa60 9651       1       java.lang.ProcessImpl$2::<init> (20 bytes)
Event: 2935.293 Thread 0x0000028e902eaa60 nmethod 9651 0x0000028e874ab510 code [0x0000028e874ab6a0, 0x0000028e874ab818]
Event: 2935.293 Thread 0x0000028e902eaa60 9652       1       java.lang.ProcessImpl$2::run (5 bytes)
Event: 2935.293 Thread 0x0000028e902eaa60 nmethod 9652 0x0000028e874ab210 code [0x0000028e874ab3a0, 0x0000028e874ab488]
Event: 2935.294 Thread 0x0000028e902eaa60 9653       1       java.lang.ProcessImpl$2::run (242 bytes)
Event: 2935.294 Thread 0x0000028e902eaa60 nmethod 9653 0x0000028e874a9b90 code [0x0000028e874a9e40, 0x0000028e874aabd8]
Event: 2935.294 Thread 0x0000028e902eaa60 9654       1       java.lang.ProcessImpl::waitFor (136 bytes)
Event: 2935.294 Thread 0x0000028e902eaa60 nmethod 9654 0x0000028e874a9310 code [0x0000028e874a9520, 0x0000028e874a9938]
Event: 2935.488 Thread 0x0000028e902eaa60 9656   !   1       java.io.FilterOutputStream::close (183 bytes)
Event: 2935.517 Thread 0x0000028e902eaa60 nmethod 9656 0x0000028e874a8190 code [0x0000028e874a83a0, 0x0000028e874a8878]
Event: 2935.517 Thread 0x0000028e902eaa60 9658       1       java.lang.ProcessImpl$$Lambda$1132/0x0000000100869228::run (8 bytes)
Event: 2935.518 Thread 0x0000028e902eaa60 nmethod 9658 0x0000028e874a7e90 code [0x0000028e874a8020, 0x0000028e874a8108]
Event: 2935.518 Thread 0x0000028e902eaa60 9659       1       java.lang.ProcessImpl::lambda$new$0 (6 bytes)
Event: 2935.518 Thread 0x0000028e902eaa60 nmethod 9659 0x0000028e874a7b90 code [0x0000028e874a7d20, 0x0000028e874a7de8]
Event: 4812.190 Thread 0x0000028e902eaa60 9661   !   1       java.util.concurrent.ThreadPoolExecutor::runWorker (187 bytes)
Event: 4812.191 Thread 0x0000028e902eaa60 nmethod 9661 0x0000028e874a6d10 code [0x0000028e874a6f60, 0x0000028e874a7658]
Event: 31131.959 Thread 0x0000028e902eaa60 9662       1       sun.nio.cs.StringUTF16::getChar (23 bytes)
Event: 31131.960 Thread 0x0000028e902eaa60 nmethod 9662 0x0000028e874a6a10 code [0x0000028e874a6ba0, 0x0000028e874a6c78]
Event: 31131.960 Thread 0x0000028e902eaa60 9663       1       sun.nio.cs.DoubleByte$Encoder::encodeChar (21 bytes)
Event: 31131.960 Thread 0x0000028e902eaa60 nmethod 9663 0x0000028e874a6610 code [0x0000028e874a67a0, 0x0000028e874a68d8]

GC Heap History (20 events):
Event: 35483.232 GC heap before
{Heap before GC invocations=3479 (full 3428):
 garbage-first heap   total 119808K, used 36927K [0x00000000c0000000, 0x0000000100000000)
  region size 1024K, 1 young (1024K), 0 survivors (0K)
 Metaspace       used 70167K, committed 70592K, reserved 1114112K
  class space    used 9593K, committed 9792K, reserved 1048576K
}
Event: 35483.263 GC heap after
{Heap after GC invocations=3480 (full 3429):
 garbage-first heap   total 119808K, used 36927K [0x00000000c0000000, 0x0000000100000000)
  region size 1024K, 0 young (0K), 0 survivors (0K)
 Metaspace       used 70167K, committed 70592K, reserved 1114112K
  class space    used 9593K, committed 9792K, reserved 1048576K
}
Event: 35493.512 GC heap before
{Heap before GC invocations=3480 (full 3429):
 garbage-first heap   total 119808K, used 36927K [0x00000000c0000000, 0x0000000100000000)
  region size 1024K, 1 young (1024K), 0 survivors (0K)
 Metaspace       used 70167K, committed 70592K, reserved 1114112K
  class space    used 9593K, committed 9792K, reserved 1048576K
}
Event: 35493.544 GC heap after
{Heap after GC invocations=3481 (full 3430):
 garbage-first heap   total 119808K, used 36927K [0x00000000c0000000, 0x0000000100000000)
  region size 1024K, 0 young (0K), 0 survivors (0K)
 Metaspace       used 70167K, committed 70592K, reserved 1114112K
  class space    used 9593K, committed 9792K, reserved 1048576K
}
Event: 35503.785 GC heap before
{Heap before GC invocations=3481 (full 3430):
 garbage-first heap   total 119808K, used 36927K [0x00000000c0000000, 0x0000000100000000)
  region size 1024K, 1 young (1024K), 0 survivors (0K)
 Metaspace       used 70167K, committed 70592K, reserved 1114112K
  class space    used 9593K, committed 9792K, reserved 1048576K
}
Event: 35503.815 GC heap after
{Heap after GC invocations=3482 (full 3431):
 garbage-first heap   total 119808K, used 36927K [0x00000000c0000000, 0x0000000100000000)
  region size 1024K, 0 young (0K), 0 survivors (0K)
 Metaspace       used 70167K, committed 70592K, reserved 1114112K
  class space    used 9593K, committed 9792K, reserved 1048576K
}
Event: 35514.043 GC heap before
{Heap before GC invocations=3482 (full 3431):
 garbage-first heap   total 119808K, used 36927K [0x00000000c0000000, 0x0000000100000000)
  region size 1024K, 1 young (1024K), 0 survivors (0K)
 Metaspace       used 70167K, committed 70592K, reserved 1114112K
  class space    used 9593K, committed 9792K, reserved 1048576K
}
Event: 35514.075 GC heap after
{Heap after GC invocations=3483 (full 3432):
 garbage-first heap   total 119808K, used 36927K [0x00000000c0000000, 0x0000000100000000)
  region size 1024K, 0 young (0K), 0 survivors (0K)
 Metaspace       used 70167K, committed 70592K, reserved 1114112K
  class space    used 9593K, committed 9792K, reserved 1048576K
}
Event: 35524.298 GC heap before
{Heap before GC invocations=3483 (full 3432):
 garbage-first heap   total 119808K, used 36927K [0x00000000c0000000, 0x0000000100000000)
  region size 1024K, 1 young (1024K), 0 survivors (0K)
 Metaspace       used 70167K, committed 70592K, reserved 1114112K
  class space    used 9593K, committed 9792K, reserved 1048576K
}
Event: 35524.329 GC heap after
{Heap after GC invocations=3484 (full 3433):
 garbage-first heap   total 119808K, used 36927K [0x00000000c0000000, 0x0000000100000000)
  region size 1024K, 0 young (0K), 0 survivors (0K)
 Metaspace       used 70167K, committed 70592K, reserved 1114112K
  class space    used 9593K, committed 9792K, reserved 1048576K
}
Event: 35534.547 GC heap before
{Heap before GC invocations=3484 (full 3433):
 garbage-first heap   total 119808K, used 36927K [0x00000000c0000000, 0x0000000100000000)
  region size 1024K, 1 young (1024K), 0 survivors (0K)
 Metaspace       used 70167K, committed 70592K, reserved 1114112K
  class space    used 9593K, committed 9792K, reserved 1048576K
}
Event: 35534.579 GC heap after
{Heap after GC invocations=3485 (full 3434):
 garbage-first heap   total 119808K, used 36927K [0x00000000c0000000, 0x0000000100000000)
  region size 1024K, 0 young (0K), 0 survivors (0K)
 Metaspace       used 70167K, committed 70592K, reserved 1114112K
  class space    used 9593K, committed 9792K, reserved 1048576K
}
Event: 35544.799 GC heap before
{Heap before GC invocations=3485 (full 3434):
 garbage-first heap   total 119808K, used 36927K [0x00000000c0000000, 0x0000000100000000)
  region size 1024K, 1 young (1024K), 0 survivors (0K)
 Metaspace       used 70167K, committed 70592K, reserved 1114112K
  class space    used 9593K, committed 9792K, reserved 1048576K
}
Event: 35544.831 GC heap after
{Heap after GC invocations=3486 (full 3435):
 garbage-first heap   total 119808K, used 36927K [0x00000000c0000000, 0x0000000100000000)
  region size 1024K, 0 young (0K), 0 survivors (0K)
 Metaspace       used 70167K, committed 70592K, reserved 1114112K
  class space    used 9593K, committed 9792K, reserved 1048576K
}
Event: 35555.055 GC heap before
{Heap before GC invocations=3486 (full 3435):
 garbage-first heap   total 119808K, used 36927K [0x00000000c0000000, 0x0000000100000000)
  region size 1024K, 1 young (1024K), 0 survivors (0K)
 Metaspace       used 70167K, committed 70592K, reserved 1114112K
  class space    used 9593K, committed 9792K, reserved 1048576K
}
Event: 35555.085 GC heap after
{Heap after GC invocations=3487 (full 3436):
 garbage-first heap   total 119808K, used 36927K [0x00000000c0000000, 0x0000000100000000)
  region size 1024K, 0 young (0K), 0 survivors (0K)
 Metaspace       used 70167K, committed 70592K, reserved 1114112K
  class space    used 9593K, committed 9792K, reserved 1048576K
}
Event: 35565.307 GC heap before
{Heap before GC invocations=3487 (full 3436):
 garbage-first heap   total 119808K, used 36927K [0x00000000c0000000, 0x0000000100000000)
  region size 1024K, 1 young (1024K), 0 survivors (0K)
 Metaspace       used 70167K, committed 70592K, reserved 1114112K
  class space    used 9593K, committed 9792K, reserved 1048576K
}
Event: 35565.350 GC heap after
{Heap after GC invocations=3488 (full 3437):
 garbage-first heap   total 119808K, used 36927K [0x00000000c0000000, 0x0000000100000000)
  region size 1024K, 0 young (0K), 0 survivors (0K)
 Metaspace       used 70167K, committed 70592K, reserved 1114112K
  class space    used 9593K, committed 9792K, reserved 1048576K
}
Event: 35575.580 GC heap before
{Heap before GC invocations=3488 (full 3437):
 garbage-first heap   total 119808K, used 36927K [0x00000000c0000000, 0x0000000100000000)
  region size 1024K, 1 young (1024K), 0 survivors (0K)
 Metaspace       used 70167K, committed 70592K, reserved 1114112K
  class space    used 9593K, committed 9792K, reserved 1048576K
}
Event: 35575.613 GC heap after
{Heap after GC invocations=3489 (full 3438):
 garbage-first heap   total 119808K, used 36927K [0x00000000c0000000, 0x0000000100000000)
  region size 1024K, 0 young (0K), 0 survivors (0K)
 Metaspace       used 70167K, committed 70592K, reserved 1114112K
  class space    used 9593K, committed 9792K, reserved 1048576K
}

Dll operation events (10 events):
Event: 0.014 Loaded shared library c:\Users\Administrator\.vscode\extensions\redhat.java-1.18.0-win32-x64\jre\17.0.7-win32-x86_64\bin\java.dll
Event: 0.234 Loaded shared library C:\Users\Administrator\.vscode\extensions\redhat.java-1.18.0-win32-x64\jre\17.0.7-win32-x86_64\bin\net.dll
Event: 0.238 Loaded shared library C:\Users\Administrator\.vscode\extensions\redhat.java-1.18.0-win32-x64\jre\17.0.7-win32-x86_64\bin\nio.dll
Event: 0.246 Loaded shared library C:\Users\Administrator\.vscode\extensions\redhat.java-1.18.0-win32-x64\jre\17.0.7-win32-x86_64\bin\zip.dll
Event: 0.380 Loaded shared library C:\Users\Administrator\.vscode\extensions\redhat.java-1.18.0-win32-x64\jre\17.0.7-win32-x86_64\bin\jimage.dll
Event: 2.240 Loaded shared library C:\Users\Administrator\.vscode\extensions\redhat.java-1.18.0-win32-x64\jre\17.0.7-win32-x86_64\bin\management.dll
Event: 2.241 Loaded shared library C:\Users\Administrator\.vscode\extensions\redhat.java-1.18.0-win32-x64\jre\17.0.7-win32-x86_64\bin\management_ext.dll
Event: 3.490 Loaded shared library C:\Users\Administrator\.vscode\extensions\redhat.java-1.18.0-win32-x64\jre\17.0.7-win32-x86_64\bin\sunmscapi.dll
Event: 7.257 Loaded shared library c:\Users\Administrator\.vscode\extensions\redhat.java-1.18.0-win32-x64\jre\17.0.7-win32-x86_64\bin\verify.dll
Event: 9.401 Loaded shared library C:\Users\Administrator\AppData\Local\Temp\snappy-1.1.8-a5c07b1a-1f13-4276-8f85-cfd50a3c2560-snappyjava.dll

Deoptimization events (20 events):
Event: 3.387 Thread 0x0000028e95cdadc0 DEOPT PACKING pc=0x0000028e8733788c sp=0x000000b0300feb10
Event: 3.387 Thread 0x0000028e95cdadc0 DEOPT UNPACKING pc=0x0000028e87197143 sp=0x000000b0300fdfd8 mode 0
Event: 7.275 Thread 0x0000028e95a623e0 DEOPT PACKING pc=0x0000028e877f1a42 sp=0x000000b02d4fd800
Event: 7.275 Thread 0x0000028e95a623e0 DEOPT UNPACKING pc=0x0000028e87197143 sp=0x000000b02d4fcd08 mode 3
Event: 7.811 Thread 0x0000028e95a623e0 DEOPT PACKING pc=0x0000028e8847c4f4 sp=0x000000b02d4fe000
Event: 7.811 Thread 0x0000028e95a623e0 DEOPT UNPACKING pc=0x0000028e87197143 sp=0x000000b02d4fd530 mode 0
Event: 7.811 Thread 0x0000028e95a623e0 DEOPT PACKING pc=0x0000028e8848f59c sp=0x000000b02d4fe230
Event: 7.811 Thread 0x0000028e95a623e0 DEOPT UNPACKING pc=0x0000028e87197143 sp=0x000000b02d4fd738 mode 0
Event: 7.811 Thread 0x0000028e95a623e0 DEOPT PACKING pc=0x0000028e883dbef4 sp=0x000000b02d4fe320
Event: 7.811 Thread 0x0000028e95a623e0 DEOPT UNPACKING pc=0x0000028e87197143 sp=0x000000b02d4fd818 mode 0
Event: 7.811 Thread 0x0000028e95a623e0 DEOPT PACKING pc=0x0000028e883b7774 sp=0x000000b02d4fe3f0
Event: 7.811 Thread 0x0000028e95a623e0 DEOPT UNPACKING pc=0x0000028e87197143 sp=0x000000b02d4fd8c8 mode 0
Event: 7.811 Thread 0x0000028e95a623e0 DEOPT PACKING pc=0x0000028e883b87a4 sp=0x000000b02d4fe4a0
Event: 7.811 Thread 0x0000028e95a623e0 DEOPT UNPACKING pc=0x0000028e87197143 sp=0x000000b02d4fda20 mode 0
Event: 7.811 Thread 0x0000028e95a623e0 DEOPT PACKING pc=0x0000028e8844eeac sp=0x000000b02d4fe7c0
Event: 7.811 Thread 0x0000028e95a623e0 DEOPT UNPACKING pc=0x0000028e87197143 sp=0x000000b02d4fdc50 mode 0
Event: 45.517 Thread 0x0000028e95b9eb70 DEOPT PACKING pc=0x0000028e878846d4 sp=0x000000b02cfff120
Event: 45.518 Thread 0x0000028e95b9eb70 DEOPT UNPACKING pc=0x0000028e87197143 sp=0x000000b02cffe5c8 mode 0
Event: 303.000 Thread 0x0000028e95cd7400 DEOPT PACKING pc=0x0000028e87e5573d sp=0x000000b02b7fd9f0
Event: 303.000 Thread 0x0000028e95cd7400 DEOPT UNPACKING pc=0x0000028e87197143 sp=0x000000b02b7fcf58 mode 3

Classes unloaded (20 events):
Event: 467.918 Thread 0x0000028e9027f470 Unloading class 0x000000010035e400 'java/lang/invoke/LambdaForm$MH+0x000000010035e400'
Event: 467.918 Thread 0x0000028e9027f470 Unloading class 0x0000000100374000 'java/lang/invoke/LambdaForm$MH+0x0000000100374000'
Event: 467.918 Thread 0x0000028e9027f470 Unloading class 0x0000000100374800 'java/lang/invoke/LambdaForm$MH+0x0000000100374800'
Event: 467.918 Thread 0x0000028e9027f470 Unloading class 0x00000001004a8400 'java/lang/invoke/LambdaForm$MH+0x00000001004a8400'
Event: 467.918 Thread 0x0000028e9027f470 Unloading class 0x00000001004c4000 'java/lang/invoke/LambdaForm$MH+0x00000001004c4000'
Event: 467.918 Thread 0x0000028e9027f470 Unloading class 0x00000001004e4000 'java/lang/invoke/LambdaForm$MH+0x00000001004e4000'
Event: 467.918 Thread 0x0000028e9027f470 Unloading class 0x000000010052d400 'java/lang/invoke/LambdaForm$MH+0x000000010052d400'
Event: 467.918 Thread 0x0000028e9027f470 Unloading class 0x000000010052e400 'java/lang/invoke/LambdaForm$MH+0x000000010052e400'
Event: 467.918 Thread 0x0000028e9027f470 Unloading class 0x00000001005b8400 'java/lang/invoke/LambdaForm$MH+0x00000001005b8400'
Event: 467.918 Thread 0x0000028e9027f470 Unloading class 0x0000000100688800 'java/lang/invoke/LambdaForm$MH+0x0000000100688800'
Event: 467.918 Thread 0x0000028e9027f470 Unloading class 0x0000000100088400 'java/lang/invoke/LambdaForm$MH+0x0000000100088400'
Event: 467.918 Thread 0x0000028e9027f470 Unloading class 0x0000000100088c00 'java/lang/invoke/LambdaForm$MH+0x0000000100088c00'
Event: 467.918 Thread 0x0000028e9027f470 Unloading class 0x0000000100089400 'java/lang/invoke/LambdaForm$MH+0x0000000100089400'
Event: 467.918 Thread 0x0000028e9027f470 Unloading class 0x0000000100089c00 'java/lang/invoke/LambdaForm$MH+0x0000000100089c00'
Event: 467.918 Thread 0x0000028e9027f470 Unloading class 0x000000010008a400 'java/lang/invoke/LambdaForm$MH+0x000000010008a400'
Event: 467.918 Thread 0x0000028e9027f470 Unloading class 0x000000010039c400 'java/lang/invoke/LambdaForm$MH+0x000000010039c400'
Event: 467.918 Thread 0x0000028e9027f470 Unloading class 0x00000001004e4800 'java/lang/invoke/LambdaForm$MH+0x00000001004e4800'
Event: 467.918 Thread 0x0000028e9027f470 Unloading class 0x0000000100360c00 'java/lang/invoke/LambdaForm$MH+0x0000000100360c00'
Event: 478.181 Thread 0x0000028e9027f470 Unloading class 0x0000000100998400 'jdk/internal/reflect/GeneratedConstructorAccessor68'
Event: 478.181 Thread 0x0000028e9027f470 Unloading class 0x0000000100998000 'jdk/internal/reflect/GeneratedConstructorAccessor67'

Classes redefined (0 events):
No events

Internal exceptions (20 events):
Event: 377.689 Thread 0x0000028e95cd7400 Exception <a 'sun/nio/fs/WindowsException'{0x00000000c58760e8}> (0x00000000c58760e8) 
thrown [s\src\hotspot\share\prims\jni.cpp, line 516]
Event: 377.689 Thread 0x0000028e95cd7400 Exception <a 'sun/nio/fs/WindowsException'{0x00000000c5876460}> (0x00000000c5876460) 
thrown [s\src\hotspot\share\prims\jni.cpp, line 516]
Event: 377.689 Thread 0x0000028e95cd7400 Exception <a 'sun/nio/fs/WindowsException'{0x00000000c5877470}> (0x00000000c5877470) 
thrown [s\src\hotspot\share\prims\jni.cpp, line 516]
Event: 377.689 Thread 0x0000028e95cd7400 Exception <a 'sun/nio/fs/WindowsException'{0x00000000c5877828}> (0x00000000c5877828) 
thrown [s\src\hotspot\share\prims\jni.cpp, line 516]
Event: 377.689 Thread 0x0000028e95cd7400 Exception <a 'sun/nio/fs/WindowsException'{0x00000000c5878550}> (0x00000000c5878550) 
thrown [s\src\hotspot\share\prims\jni.cpp, line 516]
Event: 377.690 Thread 0x0000028e95cd7400 Exception <a 'sun/nio/fs/WindowsException'{0x00000000c5878c20}> (0x00000000c5878c20) 
thrown [s\src\hotspot\share\prims\jni.cpp, line 516]
Event: 377.690 Thread 0x0000028e95cd7400 Exception <a 'sun/nio/fs/WindowsException'{0x00000000c5878f98}> (0x00000000c5878f98) 
thrown [s\src\hotspot\share\prims\jni.cpp, line 516]
Event: 377.690 Thread 0x0000028e95cd7400 Exception <a 'sun/nio/fs/WindowsException'{0x00000000c5879fa8}> (0x00000000c5879fa8) 
thrown [s\src\hotspot\share\prims\jni.cpp, line 516]
Event: 377.690 Thread 0x0000028e95cd7400 Exception <a 'sun/nio/fs/WindowsException'{0x00000000c587a360}> (0x00000000c587a360) 
thrown [s\src\hotspot\share\prims\jni.cpp, line 516]
Event: 377.728 Thread 0x0000028e95cd7400 Exception <a 'sun/nio/fs/WindowsException'{0x00000000c4e64f08}> (0x00000000c4e64f08) 
thrown [s\src\hotspot\share\prims\jni.cpp, line 516]
Event: 377.728 Thread 0x0000028e95cd7400 Exception <a 'sun/nio/fs/WindowsException'{0x00000000c4e65598}> (0x00000000c4e65598) 
thrown [s\src\hotspot\share\prims\jni.cpp, line 516]
Event: 377.728 Thread 0x0000028e95cd7400 Exception <a 'sun/nio/fs/WindowsException'{0x00000000c4e658f0}> (0x00000000c4e658f0) 
thrown [s\src\hotspot\share\prims\jni.cpp, line 516]
Event: 377.728 Thread 0x0000028e95cd7400 Exception <a 'sun/nio/fs/WindowsException'{0x00000000c4e668c8}> (0x00000000c4e668c8) 
thrown [s\src\hotspot\share\prims\jni.cpp, line 516]
Event: 377.728 Thread 0x0000028e95cd7400 Exception <a 'sun/nio/fs/WindowsException'{0x00000000c4e66c58}> (0x00000000c4e66c58) 
thrown [s\src\hotspot\share\prims\jni.cpp, line 516]
Event: 377.728 Thread 0x0000028e95cd7400 Exception <a 'sun/nio/fs/WindowsException'{0x00000000c4e67980}> (0x00000000c4e67980) 
thrown [s\src\hotspot\share\prims\jni.cpp, line 516]
Event: 377.728 Thread 0x0000028e95cd7400 Exception <a 'sun/nio/fs/WindowsException'{0x00000000c4e68050}> (0x00000000c4e68050) 
thrown [s\src\hotspot\share\prims\jni.cpp, line 516]
Event: 377.729 Thread 0x0000028e95cd7400 Exception <a 'sun/nio/fs/WindowsException'{0x00000000c4e683c8}> (0x00000000c4e683c8) 
thrown [s\src\hotspot\share\prims\jni.cpp, line 516]
Event: 377.729 Thread 0x0000028e95cd7400 Exception <a 'sun/nio/fs/WindowsException'{0x00000000c4e693d8}> (0x00000000c4e693d8) 
thrown [s\src\hotspot\share\prims\jni.cpp, line 516]
Event: 377.729 Thread 0x0000028e95cd7400 Exception <a 'sun/nio/fs/WindowsException'{0x00000000c4e69790}> (0x00000000c4e69790) 
thrown [s\src\hotspot\share\prims\jni.cpp, line 516]
Event: 31131.860 Thread 0x0000028e95b2e510 Exception <a 'java/io/IOException'{0x00000000c7400640}: CreateProcess error=1455,        > (0x00000000c7400640) 
thrown [s\src\hotspot\share\prims\jni.cpp, line 535]

VM Operations (20 events):
Event: 35483.263 Executing VM operation: G1CollectFull done
Event: 35493.512 Executing VM operation: G1CollectFull
Event: 35493.545 Executing VM operation: G1CollectFull done
Event: 35503.785 Executing VM operation: G1CollectFull
Event: 35503.816 Executing VM operation: G1CollectFull done
Event: 35514.043 Executing VM operation: G1CollectFull
Event: 35514.075 Executing VM operation: G1CollectFull done
Event: 35524.298 Executing VM operation: G1CollectFull
Event: 35524.329 Executing VM operation: G1CollectFull done
Event: 35534.547 Executing VM operation: G1CollectFull
Event: 35534.579 Executing VM operation: G1CollectFull done
Event: 35544.799 Executing VM operation: G1CollectFull
Event: 35544.831 Executing VM operation: G1CollectFull done
Event: 35555.055 Executing VM operation: G1CollectFull
Event: 35555.085 Executing VM operation: G1CollectFull done
Event: 35565.307 Executing VM operation: G1CollectFull
Event: 35565.350 Executing VM operation: G1CollectFull done
Event: 35575.580 Executing VM operation: G1CollectFull
Event: 35575.613 Executing VM operation: G1CollectFull done
Event: 35585.641 Executing VM operation: G1CollectFull

Events (20 events):
Event: 354.410 Thread 0x0000028e96b8d880 Thread exited: 0x0000028e96b8d880
Event: 354.410 Thread 0x0000028e96b8a5e0 Thread exited: 0x0000028e96b8a5e0
Event: 371.565 Thread 0x0000028e96b8d880 Thread added: 0x0000028e96b8d880
Event: 374.881 Thread 0x0000028e96b8ba20 Thread added: 0x0000028e96b8ba20
Event: 376.055 Thread 0x0000028e96b8ba20 Thread exited: 0x0000028e96b8ba20
Event: 376.055 Thread 0x0000028e96b8d880 Thread exited: 0x0000028e96b8d880
Event: 377.172 Thread 0x0000028e96b8d880 Thread added: 0x0000028e96b8d880
Event: 377.172 Thread 0x0000028e96b8a0d0 Thread added: 0x0000028e96b8a0d0
Event: 377.398 Thread 0x0000028e9f1c16b0 Thread added: 0x0000028e9f1c16b0
Event: 393.359 Thread 0x0000028e96b8a0d0 Thread exited: 0x0000028e96b8a0d0
Event: 393.359 Thread 0x0000028e96b8d880 Thread exited: 0x0000028e96b8d880
Event: 437.411 Thread 0x0000028e9f1c16b0 Thread exited: 0x0000028e9f1c16b0
Event: 448.358 Thread 0x0000028e95cd7da0 Thread exited: 0x0000028e95cd7da0
Event: 496.570 Thread 0x0000028e95cd95b0 Thread exited: 0x0000028e95cd95b0
Event: 661.024 Thread 0x0000028e9f1bf030 Thread added: 0x0000028e9f1bf030
Event: 721.030 Thread 0x0000028e9f1bf030 Thread exited: 0x0000028e9f1bf030
Event: 1235.766 Thread 0x0000028e9f1c2050 Thread added: 0x0000028e9f1c2050
Event: 1295.776 Thread 0x0000028e9f1c2050 Thread exited: 0x0000028e9f1c2050
Event: 31131.944 loading class sun/nio/cs/StringUTF16
Event: 31131.959 loading class sun/nio/cs/StringUTF16 done


Dynamic libraries:
0x00007ff79ed30000 - 0x00007ff79ed3e000 	c:\Users\Administrator\.vscode\extensions\redhat.java-1.18.0-win32-x64\jre\17.0.7-win32-x86_64\bin\java.exe
0x00007ffe06ad0000 - 0x00007ffe06cc8000 	C:\windows\SYSTEM32\ntdll.dll
0x00007ffe05c50000 - 0x00007ffe05d0f000 	C:\windows\System32\KERNEL32.DLL
0x00007ffe04610000 - 0x00007ffe048ea000 	C:\windows\System32\KERNELBASE.dll
0x00007ffe049a0000 - 0x00007ffe04aa0000 	C:\windows\System32\ucrtbase.dll
0x00007ffdde410000 - 0x00007ffdde427000 	c:\Users\Administrator\.vscode\extensions\redhat.java-1.18.0-win32-x64\jre\17.0.7-win32-x86_64\bin\jli.dll
0x00007ffde2810000 - 0x00007ffde2829000 	c:\Users\Administrator\.vscode\extensions\redhat.java-1.18.0-win32-x64\jre\17.0.7-win32-x86_64\bin\VCRUNTIME140.dll
0x00007ffe05900000 - 0x00007ffe05a9d000 	C:\windows\System32\USER32.dll
0x00007ffe04510000 - 0x00007ffe04532000 	C:\windows\System32\win32u.dll
0x00007ffe05aa0000 - 0x00007ffe05acb000 	C:\windows\System32\GDI32.dll
0x00007ffdeb9b0000 - 0x00007ffdebc4a000 	C:\windows\WinSxS\amd64_microsoft.windows.common-controls_6595b64144ccf1df_6.0.19041.1110_none_60b5254171f9507e\COMCTL32.dll
0x00007ffe042a0000 - 0x00007ffe043b0000 	C:\windows\System32\gdi32full.dll
0x00007ffe05bb0000 - 0x00007ffe05c4e000 	C:\windows\System32\msvcrt.dll
0x00007ffe04540000 - 0x00007ffe045dd000 	C:\windows\System32\msvcp_win.dll
0x00007ffe04fa0000 - 0x00007ffe04fd0000 	C:\windows\System32\IMM32.DLL
0x00007ffdfd9d0000 - 0x00007ffdfd9dc000 	c:\Users\Administrator\.vscode\extensions\redhat.java-1.18.0-win32-x64\jre\17.0.7-win32-x86_64\bin\vcruntime140_1.dll
0x00007ffd9df30000 - 0x00007ffd9dfc1000 	c:\Users\Administrator\.vscode\extensions\redhat.java-1.18.0-win32-x64\jre\17.0.7-win32-x86_64\bin\msvcp140.dll
0x00007ffd91800000 - 0x00007ffd92448000 	c:\Users\Administrator\.vscode\extensions\redhat.java-1.18.0-win32-x64\jre\17.0.7-win32-x86_64\bin\server\jvm.dll
0x00007ffe05470000 - 0x00007ffe0551e000 	C:\windows\System32\ADVAPI32.dll
0x00007ffe05d10000 - 0x00007ffe05dac000 	C:\windows\System32\sechost.dll
0x00007ffe055b0000 - 0x00007ffe056d6000 	C:\windows\System32\RPCRT4.dll
0x00007ffded4b0000 - 0x00007ffded4b9000 	C:\windows\SYSTEM32\WSOCK32.dll
0x00007ffdff9b0000 - 0x00007ffdff9d7000 	C:\windows\SYSTEM32\WINMM.dll
0x00007ffe05540000 - 0x00007ffe055ab000 	C:\windows\System32\WS2_32.dll
0x00007ffdfc440000 - 0x00007ffdfc44a000 	C:\windows\SYSTEM32\VERSION.dll
0x00007ffe020a0000 - 0x00007ffe020b2000 	C:\windows\SYSTEM32\kernel.appcore.dll
0x00007ffdfd900000 - 0x00007ffdfd90a000 	c:\Users\Administrator\.vscode\extensions\redhat.java-1.18.0-win32-x64\jre\17.0.7-win32-x86_64\bin\jimage.dll
0x00007ffdf9830000 - 0x00007ffdf9a14000 	C:\windows\SYSTEM32\DBGHELP.DLL
0x00007ffde7050000 - 0x00007ffde7084000 	C:\windows\SYSTEM32\dbgcore.DLL
0x00007ffe04aa0000 - 0x00007ffe04b22000 	C:\windows\System32\bcryptPrimitives.dll
0x00007ffdde3e0000 - 0x00007ffdde405000 	c:\Users\Administrator\.vscode\extensions\redhat.java-1.18.0-win32-x64\jre\17.0.7-win32-x86_64\bin\java.dll
0x00007ffdd5aa0000 - 0x00007ffdd5ab8000 	c:\Users\Administrator\.vscode\extensions\redhat.java-1.18.0-win32-x64\jre\17.0.7-win32-x86_64\bin\zip.dll
0x00007ffe05f90000 - 0x00007ffe066d4000 	C:\windows\System32\SHELL32.dll
0x00007ffe022a0000 - 0x00007ffe02a33000 	C:\windows\SYSTEM32\windows.storage.dll
0x00007ffe05040000 - 0x00007ffe05394000 	C:\windows\System32\combase.dll
0x00007ffe03c40000 - 0x00007ffe03c6e000 	C:\windows\SYSTEM32\Wldp.dll
0x00007ffe069e0000 - 0x00007ffe06a8d000 	C:\windows\System32\SHCORE.dll
0x00007ffe05b50000 - 0x00007ffe05ba5000 	C:\windows\System32\shlwapi.dll
0x00007ffe04120000 - 0x00007ffe0413f000 	C:\windows\SYSTEM32\profapi.dll
0x00007ffdcfdd0000 - 0x00007ffdcfde9000 	C:\Users\Administrator\.vscode\extensions\redhat.java-1.18.0-win32-x64\jre\17.0.7-win32-x86_64\bin\net.dll
0x00007ffdfb690000 - 0x00007ffdfb79a000 	C:\windows\SYSTEM32\WINHTTP.dll
0x00007ffe039a0000 - 0x00007ffe03a0a000 	C:\windows\system32\mswsock.dll
0x00007ffdcfd90000 - 0x00007ffdcfda5000 	C:\Users\Administrator\.vscode\extensions\redhat.java-1.18.0-win32-x64\jre\17.0.7-win32-x86_64\bin\nio.dll
0x00007ffe03ba0000 - 0x00007ffe03bb8000 	C:\windows\SYSTEM32\CRYPTSP.dll
0x00007ffe03250000 - 0x00007ffe03284000 	C:\windows\system32\rsaenh.dll
0x00007ffe045e0000 - 0x00007ffe04607000 	C:\windows\System32\bcrypt.dll
0x00007ffe040e0000 - 0x00007ffe0410e000 	C:\windows\SYSTEM32\USERENV.dll
0x00007ffe03b90000 - 0x00007ffe03b9c000 	C:\windows\SYSTEM32\CRYPTBASE.dll
0x00007ffe03640000 - 0x00007ffe0367c000 	C:\windows\SYSTEM32\IPHLPAPI.DLL
0x00007ffe05f80000 - 0x00007ffe05f88000 	C:\windows\System32\NSI.dll
0x00007ffdfd030000 - 0x00007ffdfd047000 	C:\windows\SYSTEM32\dhcpcsvc6.DLL
0x00007ffdfd010000 - 0x00007ffdfd02d000 	C:\windows\SYSTEM32\dhcpcsvc.DLL
0x00007ffe03680000 - 0x00007ffe0374b000 	C:\windows\SYSTEM32\DNSAPI.dll
0x00007ffde2600000 - 0x00007ffde2609000 	C:\Users\Administrator\.vscode\extensions\redhat.java-1.18.0-win32-x64\jre\17.0.7-win32-x86_64\bin\management.dll
0x00007ffde23d0000 - 0x00007ffde23db000 	C:\Users\Administrator\.vscode\extensions\redhat.java-1.18.0-win32-x64\jre\17.0.7-win32-x86_64\bin\management_ext.dll
0x00007ffe05030000 - 0x00007ffe05038000 	C:\windows\System32\PSAPI.DLL
0x00007ffdde480000 - 0x00007ffdde48e000 	C:\Users\Administrator\.vscode\extensions\redhat.java-1.18.0-win32-x64\jre\17.0.7-win32-x86_64\bin\sunmscapi.dll
0x00007ffe043b0000 - 0x00007ffe04506000 	C:\windows\System32\CRYPT32.dll
0x00007ffe03cb0000 - 0x00007ffe03cd8000 	C:\windows\SYSTEM32\ncrypt.dll
0x00007ffe03c70000 - 0x00007ffe03cab000 	C:\windows\SYSTEM32\NTASN1.dll
0x00000000686f0000 - 0x0000000068716000 	C:\Program Files\Bonjour\mdnsNSP.dll
0x00007ffdf8f30000 - 0x00007ffdf8f3a000 	C:\Windows\System32\rasadhlp.dll
0x00007ffdf8070000 - 0x00007ffdf80f0000 	C:\windows\System32\fwpuclnt.dll
0x00007ffde2d40000 - 0x00007ffde2d50000 	c:\Users\Administrator\.vscode\extensions\redhat.java-1.18.0-win32-x64\jre\17.0.7-win32-x86_64\bin\verify.dll
0x000000006c500000 - 0x000000006c5c7000 	C:\Users\Administrator\AppData\Local\Temp\snappy-1.1.8-a5c07b1a-1f13-4276-8f85-cfd50a3c2560-snappyjava.dll

dbghelp: loaded successfully - version: 4.0.5 - missing functions: none
symbol engine: initialized successfully - sym options: 0x614 - pdb path: .;c:\Users\Administrator\.vscode\extensions\redhat.java-1.18.0-win32-x64\jre\17.0.7-win32-x86_64\bin;C:\windows\SYSTEM32;C:\windows\WinSxS\amd64_microsoft.windows.common-controls_6595b64144ccf1df_6.0.19041.1110_none_60b5254171f9507e;c:\Users\Administrator\.vscode\extensions\redhat.java-1.18.0-win32-x64\jre\17.0.7-win32-x86_64\bin\server;C:\Program Files\Bonjour;C:\Users\Administrator\AppData\Local\Temp

VM Arguments:
jvm_args: -XX:+HeapDumpOnOutOfMemoryError -Xmx1024m -Dsts.lsp.client=vscode -Dsts.log.file=/dev/null -XX:TieredStopAtLevel=1 -Xlog:jni+resolve=off -Dspring.config.location=file:c:\Users\Administrator\.vscode\extensions\vmware.vscode-spring-boot-1.46.0\language-server\BOOT-INF\classes\application.properties 
java_command: org.springframework.ide.vscode.boot.app.BootLanguageServerBootApp
java_class_path (initial): c:\Users\Administrator\.vscode\extensions\vmware.vscode-spring-boot-1.46.0\language-server\BOOT-INF\classes;c:\Users\Administrator\.vscode\extensions\vmware.vscode-spring-boot-1.46.0\language-server\BOOT-INF\lib\annotations-24.0.1.jar;c:\Users\Administrator\.vscode\extensions\vmware.vscode-spring-boot-1.46.0\language-server\BOOT-INF\lib\antlr-runtime-3.5.3.jar;c:\Users\Administrator\.vscode\extensions\vmware.vscode-spring-boot-1.46.0\language-server\BOOT-INF\lib\antlr4-4.11.1.jar;c:\Users\Administrator\.vscode\extensions\vmware.vscode-spring-boot-1.46.0\language-server\BOOT-INF\lib\antlr4-runtime-4.11.1.jar;c:\Users\Administrator\.vscode\extensions\vmware.vscode-spring-boot-1.46.0\language-server\BOOT-INF\lib\asm-9.5.jar;c:\Users\Administrator\.vscode\extensions\vmware.vscode-spring-boot-1.46.0\language-server\BOOT-INF\lib\asm-analysis-9.5.jar;c:\Users\Administrator\.vscode\extensions\vmware.vscode-spring-boot-1.46.0\language-server\BOOT-INF\lib\asm-tree-9.5.jar;c:\Users\Administrator\.vscode\extensions\vmware.vscode-spring-boot-1.46.0\language-server\BOOT-INF\lib\asm-util-9.5.jar;c:\Users\Administrator\.vscode\extensions\vmware.vscode-spring-boot-1.46.0\language-server\BOOT-INF\lib\caffeine-3.1.2.jar;c:\Users\Administrator\.vscode\extensions\vmware.vscode-spring-boot-1.46.0\language-server\BOOT-INF\lib\checker-qual-3.12.0.jar;c:\Users\Administrator\.vscode\extensions\vmware.vscode-spring-boot-1.46.0\language-server\BOOT-INF\lib\classgraph-4.8.149.jar;c:\Users\Administrator\.vscode\extensions\vmware.vscode-spring-boot-1.46.0\language-server\BOOT-INF\lib\commons-codec-1.15.jar;c:\Users\Administrator\.vscode\extensions\vmware.vscode-spring-boot-1.46.0\language-server\BOOT-INF\lib\commons-compress-1.23.0.jar;c:\Users\Administrator\.vscode\extensions\vmware.vscode-spring-boot-1.46.0\language-server\BOOT-INF\lib\commons-io-2.4.jar;c:\Users\Administrator\.vscode\extensions\vmware.vscode-spring-boot-1.46.0\language-server\BOOT-INF\lib\commons-j
Launcher Type: SUN_STANDARD

[Global flags]
     intx CICompilerCount                          = 12                                        {product} {ergonomic}
     uint ConcGCThreads                            = 4                                         {product} {ergonomic}
     uint G1ConcRefinementThreads                  = 15                                        {product} {ergonomic}
   size_t G1HeapRegionSize                         = 1048576                                   {product} {ergonomic}
    uintx GCDrainStackTargetSize                   = 64                                        {product} {ergonomic}
     bool HeapDumpOnOutOfMemoryError               = true                                   {manageable} {command line}
   size_t InitialHeapSize                          = 268435456                                 {product} {ergonomic}
   size_t MarkStackSize                            = 4194304                                   {product} {ergonomic}
   size_t MaxHeapSize                              = 1073741824                                {product} {command line}
   size_t MaxNewSize                               = 643825664                                 {product} {ergonomic}
   size_t MinHeapDeltaBytes                        = 1048576                                   {product} {ergonomic}
   size_t MinHeapSize                              = 8388608                                   {product} {ergonomic}
    uintx NonProfiledCodeHeapSize                  = 0                                      {pd product} {ergonomic}
     bool ProfileInterpreter                       = false                                  {pd product} {command line}
    uintx ProfiledCodeHeapSize                     = 0                                      {pd product} {ergonomic}
   size_t SoftMaxHeapSize                          = 1073741824                             {manageable} {ergonomic}
     intx TieredStopAtLevel                        = 1                                         {product} {command line}
     bool UseCompressedClassPointers               = true                           {product lp64_product} {ergonomic}
     bool UseCompressedOops                        = true                           {product lp64_product} {ergonomic}
     bool UseG1GC                                  = true                                      {product} {ergonomic}
     bool UseLargePagesIndividualAllocation        = false                                  {pd product} {ergonomic}

Logging:
Log output configuration:
 #0: stdout all=warning,jni+resolve=off uptime,level,tags
 #1: stderr all=off uptime,level,tags

Environment Variables:
JAVA_HOME=C:\Program Files\Java\jdk-17;
PATH=C:\Program Files (x86)\VMware\VMware Workstation\bin\;C:\windows\system32;C:\windows;C:\windows\System32\Wbem;C:\windows\System32\WindowsPowerShell\v1.0\;C:\windows\System32\OpenSSH\;C:\Program Files\dotnet\;C:\Program Files\Microsoft SQL Server\130\Tools\Binn\;C:\Program Files\Microsoft SQL Server\Client SDK\ODBC\170\Tools\Binn\;C:\Program Files (x86)\ePapyrus\Papyrus-PlugIn-web;C:\Program Files (x86)\ePapyrus\Papyrus-PlugIn-web\Addins;C:\Program Files\PuTTY\;C:\Program Files\Google\Google Apps Sync\;C:\Program Files\Google\Google Apps Migration\;D:\Apache24\bin;C:\Program Files\TortoiseSVN\bin;C:\Program Files\Git\cmd;C:\Program Files (x86)\WinSCP\;D:\Android\Sdk\platform-tools;C:\Program Files\Java\jdk-17;;D:\flutter_windows_3.7.3-stable\flutter\bin;;D:\Android\android-sdk\platform-tools;;D:\maven\bin;;C:\Program Files\Java\jdk-17\bin;C:\Program Files (x86)\dotnet\;C:\ProgramData\chocolatey\bin;C:\mingw64\bin;C:\Users\Administrator\AppData\Local\Programs\Python\Python310\Scripts\;C:\Users\Administrator\AppData\Local\Programs\Python\Python310\;C:\Users\Administrator\AppData\Local\Programs\Python\Python36\Scripts\;C:\Users\Administrator\AppData\Local\Programs\Python\Python36\;C:\Program Files\MySQL\MySQL Shell 8.0\bin\;C:\Users\Administrator\AppData\Local\Programs\Python\Python39\Scripts\;C:\Users\Administrator\AppData\Local\Programs\Python\Python39\;C:\Users\Administrator\AppData\Local\Microsoft\WindowsApps;C:\Users\Administrator\.dotnet\tools;C:\Users\Administrator\AppData\Local\Programs\Microsoft VS Code\bin;C:\Program Files\JetBrains\IntelliJ IDEA 2021.3.2\bin;;C:\tools\dart-sdk\bin;C:\Users\Administrator\AppData\Roaming\Pub\Cache\bin;
USERNAME=Administrator
OS=Windows_NT
PROCESSOR_IDENTIFIER=Intel64 Family 6 Model 165 Stepping 5, GenuineIntel
TMP=C:\Users\ADMINI~1\AppData\Local\Temp
TEMP=C:\Users\ADMINI~1\AppData\Local\Temp



---------------  S Y S T E M  ---------------

OS:
 Windows 10 , 64 bit Build 19041 (10.0.19041.2788)
OS uptime: 3 days 20:57 hours

CPU: total 20 (initial active 20) (10 cores per cpu, 2 threads per core) family 6 model 165 stepping 5 microcode 0xe2, cx8, cmov, fxsr, ht, mmx, 3dnowpref, sse, sse2, sse3, ssse3, sse4.1, sse4.2, popcnt, lzcnt, tsc, tscinvbit, avx, avx2, aes, erms, clmul, bmi1, bmi2, adx, fma, vzeroupper, clflush, clflushopt

Memory: 4k page, system-wide physical 16301M (3287M free)
TotalPageFile size 65453M (AvailPageFile size 0M)
current process WorkingSet (physical memory assigned to process): 151M, peak: 1049M
current process commit charge ("private bytes"): 332M, peak: 1091M

vm_info: OpenJDK 64-Bit Server VM (17.0.7+7) for windows-amd64 JRE (17.0.7+7), built on Apr 18 2023 22:10:42 by "temurin" with MS VC++ 16.7 (VS2019)

END.
